2026-02-06 22:31:24,499 - INFO - ============================================================
2026-02-06 22:31:24,499 - INFO - СКРИПТ ДЛЯ ЗАГРУЗКИ ДАННЫХ С MOEX
2026-02-06 22:31:24,503 - INFO - Время запуска: 2026-02-06 22:31:24
2026-02-06 22:31:24,503 - INFO - ============================================================
2026-02-06 22:31:24,503 - INFO - 
1. ЗАГРУЗКА ДАННЫХ С MOEX
2026-02-06 22:31:24,503 - INFO - Начинаем загрузку данных по URL: https://iss.moex.com/iss/apps/infogrid/stock/rates.csv?sec_type=stock_ofz_bond,stock_cb_bond,stock_subfederal_bond,stock_municipal_bond,stock_corporate_bond,stock_exchange_bond&iss.dp=comma&iss.df=%25d.%25m.%25Y&iss.tf=%25H:%25M:%25S&iss.dtf=%25d.%25m.%25Y%20%25H:%25M:%25S&iss.only=rates&limit=unlimited&lang=ru
2026-02-06 22:31:24,510 - INFO - Типы бумаг в запросе: ОФЗ, облигации ЦБ, субфедеральные, муниципальные, корпоративные, биржевые облигации
2026-02-06 22:31:25,175 - ERROR - Ошибка при загрузке данных: 'utf-8' codec can't decode byte 0xc2 in position 0: invalid continuation byte
Traceback (most recent call last):
  File "pandas/_libs/parsers.pyx", line 1120, in pandas._libs.parsers.TextReader._convert_tokens
  File "pandas/_libs/parsers.pyx", line 1272, in pandas._libs.parsers.TextReader._convert_with_dtype
  File "pandas/_libs/parsers.pyx", line 1285, in pandas._libs.parsers.TextReader._string_convert
  File "pandas/_libs/parsers.pyx", line 1535, in pandas._libs.parsers._string_box_utf8
UnicodeDecodeError: 'utf-8' codec can't decode byte 0xc2 in position 0: invalid continuation byte

During handling of the above exception, another exception occurred:

Traceback (most recent call last):
  File "C:\Users\user\Documents\Инвестиции\Vibe\Moex_Bond_Parser.py", line 39, in download_moex_data
    df = pd.read_csv(
         ^^^^^^^^^^^^
  File "c:\Users\user\AppData\Local\Programs\Python\Python311\Lib\site-packages\pandas\io\parsers\readers.py", line 1026, in read_csv
    return _read(filepath_or_buffer, kwds)
           ^^^^^^^^^^^^^^^^^^^^^^^^^^^^^^^
  File "c:\Users\user\AppData\Local\Programs\Python\Python311\Lib\site-packages\pandas\io\parsers\readers.py", line 626, in _read
    return parser.read(nrows)
           ^^^^^^^^^^^^^^^^^^
  File "c:\Users\user\AppData\Local\Programs\Python\Python311\Lib\site-packages\pandas\io\parsers\readers.py", line 1923, in read
    ) = self._engine.read(  # type: ignore[attr-defined]
        ^^^^^^^^^^^^^^^^^^^^^^^^^^^^^^^^^^^^^^^^^^^^^^^^
  File "c:\Users\user\AppData\Local\Programs\Python\Python311\Lib\site-packages\pandas\io\parsers\c_parser_wrapper.py", line 234, in read
    chunks = self._reader.read_low_memory(nrows)
             ^^^^^^^^^^^^^^^^^^^^^^^^^^^^^^^^^^^
  File "pandas/_libs/parsers.pyx", line 838, in pandas._libs.parsers.TextReader.read_low_memory
  File "pandas/_libs/parsers.pyx", line 921, in pandas._libs.parsers.TextReader._read_rows
  File "pandas/_libs/parsers.pyx", line 1066, in pandas._libs.parsers.TextReader._convert_column_data
  File "pandas/_libs/parsers.pyx", line 1127, in pandas._libs.parsers.TextReader._convert_tokens
  File "pandas/_libs/parsers.pyx", line 1272, in pandas._libs.parsers.TextReader._convert_with_dtype
  File "pandas/_libs/parsers.pyx", line 1285, in pandas._libs.parsers.TextReader._string_convert
  File "pandas/_libs/parsers.pyx", line 1535, in pandas._libs.parsers._string_box_utf8
UnicodeDecodeError: 'utf-8' codec can't decode byte 0xc2 in position 0: invalid continuation byte
2026-02-06 22:31:25,180 - INFO - 
============================================================
2026-02-06 22:31:25,180 - INFO - ИНФОРМАЦИЯ О ВЫПОЛНЕНИИ
2026-02-06 22:31:25,180 - INFO - Общее время выполнения: 0.68 секунд
2026-02-06 22:31:25,180 - INFO - Завершено в: 2026-02-06 22:31:25
2026-02-06 22:31:25,180 - INFO - Данные не загружены
2026-02-06 22:31:25,180 - INFO - ============================================================
